0 info it worked if it ends with ok
1 verbose cli [ '/usr/local/bin/node', '/usr/local/bin/npm', 'install' ]
2 info using npm@2.15.8
3 info using node@v4.4.7
4 verbose readDependencies loading dependencies from /Users/matthieuchoplin/work/weather_app/weatherama/package.json
5 warn package.json node-js-getting-started@0.2.5 No repository field.
6 warn package.json node-js-getting-started@0.2.5 No license field.
7 verbose install where, deps [ '/Users/matthieuchoplin/work/weather_app/weatherama',
7 verbose install   [ 'bower' ] ]
8 verbose install where, peers [ '/Users/matthieuchoplin/work/weather_app/weatherama', [] ]
9 verbose installManyTop reading for lifecycle /Users/matthieuchoplin/work/weather_app/weatherama/package.json
10 info preinstall node-js-getting-started@0.2.5
11 verbose installManyTop reading scoped package data from /Users/matthieuchoplin/work/weather_app/weatherama/node_modules/bower/package.json
12 info package.json bower@0.6.8 No repository field.
13 info package.json bower@0.6.8 No license field.
14 verbose readDependencies loading dependencies from /Users/matthieuchoplin/work/weather_app/weatherama/package.json
15 verbose targetResolver reading package data from /Users/matthieuchoplin/work/weather_app/weatherama/node_modules/bower/package.json
16 verbose targetResolver reading package data from /Users/matthieuchoplin/work/weather_app/weatherama/node_modules/.bin/bower/package.json
17 verbose already installed skipping bower@0.6.x /Users/matthieuchoplin/work/weather_app/weatherama
18 silly install resolved []
19 info build /Users/matthieuchoplin/work/weather_app/weatherama
20 info linkStuff node-js-getting-started@0.2.5
21 silly linkStuff node-js-getting-started@0.2.5 has /Users/matthieuchoplin/work/weather_app as its parent node_modules
22 verbose linkBins node-js-getting-started@0.2.5
23 verbose linkMans node-js-getting-started@0.2.5
24 verbose rebuildBundles node-js-getting-started@0.2.5
25 verbose rebuildBundles [ '.bin', 'bower' ]
26 info install node-js-getting-started@0.2.5
27 info postinstall node-js-getting-started@0.2.5
28 verbose unsafe-perm in lifecycle true
29 info node-js-getting-started@0.2.5 Failed to exec postinstall script
30 verbose stack Error: node-js-getting-started@0.2.5 postinstall: `./node_modules/bower/bin/bower install`
30 verbose stack Exit status 1
30 verbose stack     at EventEmitter.<anonymous> (/usr/local/lib/node_modules/npm/lib/utils/lifecycle.js:217:16)
30 verbose stack     at emitTwo (events.js:87:13)
30 verbose stack     at EventEmitter.emit (events.js:172:7)
30 verbose stack     at ChildProcess.<anonymous> (/usr/local/lib/node_modules/npm/lib/utils/spawn.js:24:14)
30 verbose stack     at emitTwo (events.js:87:13)
30 verbose stack     at ChildProcess.emit (events.js:172:7)
30 verbose stack     at maybeClose (internal/child_process.js:827:16)
30 verbose stack     at Process.ChildProcess._handle.onexit (internal/child_process.js:211:5)
31 verbose pkgid node-js-getting-started@0.2.5
32 verbose cwd /Users/matthieuchoplin/work/weather_app/weatherama
33 error Darwin 14.5.0
34 error argv "/usr/local/bin/node" "/usr/local/bin/npm" "install"
35 error node v4.4.7
36 error npm  v2.15.8
37 error code ELIFECYCLE
38 error node-js-getting-started@0.2.5 postinstall: `./node_modules/bower/bin/bower install`
38 error Exit status 1
39 error Failed at the node-js-getting-started@0.2.5 postinstall script './node_modules/bower/bin/bower install'.
39 error This is most likely a problem with the node-js-getting-started package,
39 error not with npm itself.
39 error Tell the author that this fails on your system:
39 error     ./node_modules/bower/bin/bower install
39 error You can get information on how to open an issue for this project with:
39 error     npm bugs node-js-getting-started
39 error Or if that isn't available, you can get their info via:
39 error
39 error     npm owner ls node-js-getting-started
39 error There is likely additional logging output above.
40 verbose exit [ 1, true ]
